4318
SUB 0 T
SUB 1 C
INS 4 T
INS 7 C
SUB 7 T
SUB 9 A
SUB 10 G
SUB 11 T
SUB 13 A
SUB 16 G
SUB 18 G
SUB 20 A
DEL 23
DEL 26
SUB 28 A
DEL 30
DEL 31
SUB 33 A
SUB 35 G
SUB 36 G
SUB 37 A
SUB 40 T
SUB 43 G
SUB 44 A
SUB 45 T
SUB 46 T
SUB 52 T
SUB 55 G
SUB 56 G
SUB 58 C
SUB 60 T
SUB 61 C
SUB 62 A
INS 69 G
SUB 69 G
SUB 70 C
INS 75 G
SUB 76 T
SUB 78 T
SUB 79 G
SUB 81 A
SUB 82 C
INS 86 T
SUB 87 T
SUB 88 G
SUB 89 G
SUB 91 T
INS 93 G
SUB 93 T
SUB 94 A
SUB 95 A
SUB 96 G
SUB 98 C
SUB 100 G
INS 102 G
INS 104 T
SUB 105 T
INS 108 C
INS 109 C
SUB 109 C
SUB 110 C
SUB 112 C
SUB 113 G
SUB 115 G
DEL 118
DEL 120
SUB 121 T
SUB 124 G
SUB 127 T
INS 131 G
INS 131 G
SUB 131 T
INS 133 T
SUB 133 G
SUB 134 G
SUB 135 C
SUB 137 G
SUB 139 A
SUB 140 C
SUB 143 A
SUB 144 C
SUB 149 C
SUB 150 C
SUB 151 A
INS 155 T
SUB 157 C
SUB 160 G
SUB 161 C
SUB 162 C
SUB 163 G
SUB 165 T
INS 169 G
SUB 169 A
SUB 171 G
SUB 176 A
INS 178 T
INS 178 G
SUB 179 G
SUB 180 T
SUB 181 C
SUB 184 T
INS 186 C
SUB 187 C
SUB 188 A
SUB 191 G
SUB 193 T
SUB 195 C
SUB 196 C
DEL 199
DEL 200
DEL 204
DEL 206
SUB 207 A
INS 212 A
SUB 212 G
SUB 214 C
DEL 219
SUB 220 G
DEL 222
SUB 225 A
INS 228 C
INS 228 C
INS 229 C
DEL 231
SUB 233 T
INS 237 A
SUB 237 G
SUB 239 A
SUB 240 A
SUB 243 G
SUB 244 T
INS 246 T
INS 246 T
INS 247 C
INS 249 T
INS 249 C
INS 251 C
INS 254 A
SUB 254 T
INS 256 T
INS 256 T
SUB 259 A
SUB 260 G
SUB 263 T
INS 267 A
SUB 268 C
SUB 271 G
SUB 272 A
SUB 275 T
SUB 277 C
INS 280 G
SUB 280 G
INS 282 C
SUB 283 G
DEL 286
SUB 288 C
SUB 289 G
DEL 292
DEL 294
SUB 298 A
INS 301 T
SUB 301 C
SUB 303 A
SUB 305 A
SUB 306 T
DEL 311
INS 315 A
SUB 317 G
INS 319 G
INS 319 A
SUB 319 A
INS 321 A
INS 322 G
INS 324 G
SUB 324 C
SUB 326 T
SUB 328 C
SUB 329 T
SUB 331 T
SUB 333 C
INS 335 G
SUB 336 G
SUB 337 G
INS 340 G
SUB 341 A
SUB 342 A
SUB 345 T
SUB 346 A
INS 351 A
INS 354 A
INS 354 C
INS 356 T
INS 358 G
SUB 363 T
INS 365 T
INS 367 T
INS 370 A
INS 372 C
INS 374 A
INS 374 C
INS 374 C
INS 374 A
SUB 374 C
INS 376 C
INS 379 C
INS 379 G
SUB 379 G
SUB 381 A
INS 387 A
INS 387 T
INS 387 T
INS 387 T
INS 387 T
INS 387 A
INS 388 C
INS 389 T
INS 389 A
INS 389 A
INS 389 G
INS 390 C
INS 393 T
INS 394 T
INS 395 G
INS 395 C
INS 395 G
INS 395 T
INS 395 T
INS 396 T
SUB 396 T
INS 400 C
INS 400 C
INS 401 T
SUB 402 T
SUB 404 G
INS 407 G
INS 409 A
SUB 409 C
SUB 413 G
SUB 414 T
SUB 416 A
INS 419 T
INS 419 C
INS 420 G
INS 421 G
INS 423 C
SUB 423 T
INS 428 A
INS 428 G
SUB 429 A
SUB 431 T
SUB 432 T
INS 438 G
INS 438 A
DEL 441
INS 445 T
INS 445 T
INS 445 T
INS 446 C
INS 446 C
INS 448 G
DEL 452
SUB 453 G
DEL 455
SUB 458 G
SUB 459 G
INS 464 G
INS 464 C
SUB 464 T
SUB 468 A
INS 471 T
SUB 471 A
SUB 473 T
SUB 474 C
SUB 476 T
SUB 478 A
INS 481 A
INS 481 A
SUB 482 T
SUB 483 A
SUB 486 C
DEL 488
SUB 491 G
DEL 494
INS 498 C
INS 499 A
SUB 500 A
SUB 502 G
INS 504 G
INS 504 G
SUB 504 G
INS 507 T
INS 508 C
INS 509 C
INS 509 G
INS 510 A
INS 515 A
SUB 516 A
SUB 517 C
SUB 518 A
SUB 520 G
SUB 521 A
SUB 522 T
SUB 525 G
SUB 526 T
SUB 527 G
SUB 531 G
SUB 533 T
SUB 534 G
SUB 537 A
SUB 540 T
SUB 542 T
INS 546 A
SUB 546 A
INS 548 G
INS 548 T
INS 548 G
INS 550 A
INS 552 A
INS 554 A
INS 554 G
INS 554 C
INS 554 A
INS 558 C
SUB 558 C
SUB 562 G
SUB 564 T
SUB 565 C
INS 569 C
INS 569 C
SUB 570 C
INS 572 G
INS 573 T
INS 574 T
INS 574 T
SUB 574 T
SUB 575 G
INS 577 C
INS 578 G
INS 580 G
INS 583 C
INS 583 A
INS 584 T
INS 587 G
INS 589 A
INS 589 C
INS 591 G
SUB 592 G
SUB 593 C
SUB 595 C
SUB 596 C
SUB 599 C
INS 602 C
INS 605 T
SUB 605 T
INS 607 T
INS 607 T
INS 608 T
INS 608 T
SUB 609 T
SUB 610 G
SUB 612 T
SUB 613 G
SUB 615 C
SUB 619 A
SUB 621 T
INS 623 T
INS 623 C
SUB 623 T
INS 625 A
SUB 625 T
SUB 626 C
SUB 627 C
SUB 628 T
SUB 630 T
INS 632 C
SUB 633 C
INS 637 G
SUB 638 C
INS 640 T
SUB 640 A
INS 646 A
INS 646 G
INS 647 G
INS 647 T
SUB 647 G
INS 649 T
INS 651 G
INS 651 G
INS 651 G
SUB 651 G
SUB 652 G
INS 654 A
SUB 655 A
SUB 657 C
SUB 660 G
SUB 663 G
SUB 664 G
SUB 666 G
SUB 667 G
INS 671 C
INS 671 T
INS 673 G
INS 673 A
INS 673 C
INS 674 C
INS 674 G
INS 674 G
INS 675 A
INS 675 A
SUB 676 A
INS 679 A
INS 681 C
INS 681 T
INS 681 T
INS 681 T
INS 684 T
INS 684 T
SUB 684 A
INS 687 T
SUB 687 G
INS 694 C
SUB 694 C
SUB 696 T
SUB 699 T
INS 706 A
INS 707 C
INS 707 G
INS 707 G
INS 707 T
INS 708 C
INS 710 T
INS 710 T
INS 710 C
INS 710 C
INS 710 T
INS 711 T
INS 712 C
INS 713 T
INS 714 T
INS 715 C
INS 717 G
INS 718 C
SUB 718 C
SUB 719 T
SUB 720 T
INS 723 T
INS 725 T
SUB 725 G
SUB 726 T
INS 728 T
SUB 731 G
SUB 733 T
INS 738 T
INS 739 A
INS 739 G
INS 739 T
INS 739 T
INS 741 A
INS 741 A
INS 741 T
INS 744 C
INS 745 A
INS 745 G
SUB 746 G
INS 748 T
INS 751 G
SUB 751 C
INS 754 C
INS 754 A
SUB 754 C
INS 757 A
SUB 758 T
SUB 759 C
INS 763 A
INS 765 T
SUB 765 G
INS 767 G
SUB 768 A
DEL 770
DEL 773
SUB 775 G
SUB 777 C
DEL 781
SUB 783 T
SUB 784 C
SUB 786 C
INS 790 G
SUB 790 T
INS 792 C
SUB 792 C
INS 795 A
INS 798 A
INS 799 C
SUB 800 A
SUB 801 T
SUB 802 A
INS 804 A
INS 805 T
INS 805 G
INS 806 T
SUB 806 G
INS 808 T
INS 808 T
INS 808 T
SUB 808 G
SUB 809 G
SUB 810 G
INS 814 C
INS 814 G
SUB 817 T
SUB 818 C
INS 824 C
INS 824 A
INS 826 A
INS 826 A
SUB 826 G
INS 833 C
INS 833 G
SUB 833 C
SUB 835 C
SUB 837 C
SUB 838 C
SUB 839 T
INS 844 C
INS 845 C
INS 846 C
INS 847 A
INS 847 A
INS 848 A
INS 848 A
INS 848 A
INS 848 A
INS 849 G
INS 850 C
INS 850 C
INS 852 C
INS 852 T
INS 855 T
INS 855 T
SUB 856 T
INS 861 G
SUB 863 C
SUB 864 A
SUB 866 C
DEL 868
SUB 869 C
DEL 871
SUB 873 A
INS 876 G
INS 876 G
INS 876 G
SUB 878 T
SUB 879 T
SUB 881 G
SUB 882 A
INS 885 A
SUB 887 G
INS 889 G
INS 890 T
SUB 890 G
SUB 893 T
SUB 894 A
SUB 896 C
SUB 898 G
INS 902 T
INS 904 A
INS 905 G
SUB 906 G
SUB 907 G
SUB 908 G
INS 912 T
INS 914 T
INS 916 T
INS 917 C
INS 919 A
SUB 920 A
INS 922 C
INS 922 G
SUB 923 C
SUB 924 C
SUB 926 T
INS 928 G
SUB 929 C
INS 934 T
INS 937 C
SUB 938 A
INS 940 T
INS 940 A
SUB 940 T
INS 942 C
INS 942 A
INS 942 C
INS 942 G
SUB 943 C
INS 948 A
INS 949 G
INS 951 G
INS 951 T
INS 951 C
INS 952 G
INS 954 T
SUB 955 A
INS 959 G
SUB 959 C
INS 962 A
INS 963 G
INS 963 G
INS 965 C
INS 967 C
INS 967 T
INS 967 C
INS 967 G
INS 967 C
INS 967 C
INS 967 T
SUB 968 T
INS 970 T
INS 970 A
SUB 972 A
INS 974 T
INS 975 T
INS 979 T
INS 979 T
INS 979 T
INS 979 T
SUB 980 C
SUB 982 T
SUB 983 G
SUB 986 A
SUB 987 A
SUB 988 G
INS 994 T
INS 995 G
INS 996 A
INS 998 G
SUB 998 T
SUB 999 G
INS 1002 G
INS 1003 T
SUB 1005 T
INS 1007 T
INS 1007 G
INS 1007 G
INS 1007 T
INS 1008 T
INS 1008 C
INS 1008 T
INS 1009 G
INS 1009 T
INS 1009 G
INS 1010 G
INS 1010 A
SUB 1012 C
INS 1014 C
INS 1014 C
SUB 1015 T
INS 1020 C
INS 1021 G
INS 1022 T
INS 1022 T
INS 1024 C
INS 1024 A
INS 1024 C
INS 1024 C
SUB 1024 C
INS 1026 G
INS 1026 T
INS 1028 C
INS 1030 T
INS 1032 T
INS 1033 T
INS 1033 T
INS 1033 A
INS 1034 A
INS 1034 T
INS 1034 A
INS 1034 A
INS 1034 T
INS 1034 C
INS 1036 G
SUB 1036 G
INS 1039 G
INS 1039 G
INS 1040 T
INS 1042 T
INS 1043 C
INS 1043 C
INS 1046 C
INS 1048 T
INS 1048 T
SUB 1050 C
INS 1053 T
INS 1053 C
INS 1054 T
INS 1054 C
INS 1054 T
SUB 1054 A
INS 1056 G
INS 1057 T
INS 1057 C
INS 1057 C
INS 1062 C
INS 1063 C
INS 1065 A
SUB 1065 G
INS 1068 C
INS 1068 A
INS 1069 G
INS 1070 A
INS 1073 G
SUB 1073 C
INS 1077 G
SUB 1079 G
INS 1081 A
INS 1081 G
INS 1081 A
INS 1081 A
INS 1082 C
INS 1083 C
SUB 1083 C
INS 1085 T
INS 1085 C
INS 1085 C
INS 1090 G
INS 1090 G
INS 1091 T
INS 1091 C
INS 1091 T
INS 1091 C
INS 1091 C
INS 1091 T
INS 1093 C
INS 1095 T
INS 1095 C
SUB 1095 C
INS 1097 G
INS 1098 C
INS 1098 C
INS 1098 C
SUB 1100 A
INS 1102 A
INS 1103 C
SUB 1105 C
SUB 1110 C
SUB 1113 A
INS 1115 A
INS 1119 C
INS 1119 T
INS 1119 T
INS 1120 C
INS 1121 A
INS 1122 C
INS 1122 C
INS 1122 T
INS 1124 T
INS 1124 T
INS 1124 T
INS 1124 C
SUB 1124 G
INS 1126 T
INS 1126 C
SUB 1126 C
INS 1128 T
INS 1129 C
INS 1129 G
INS 1129 G
INS 1130 T
INS 1130 T
INS 1130 T
INS 1130 G
INS 1130 T
SUB 1130 T
SUB 1131 C
SUB 1134 A
INS 1137 A
INS 1138 A
SUB 1142 C
INS 1145 C
INS 1146 G
INS 1147 A
INS 1148 G
INS 1148 T
INS 1148 A
INS 1149 C
INS 1149 T
INS 1150 A
INS 1151 G
INS 1151 G
SUB 1151 G
INS 1154 T
INS 1154 A
INS 1154 T
SUB 1155 A
INS 1158 G
INS 1158 C
INS 1158 G
INS 1159 T
INS 1160 C
INS 1162 C
SUB 1164 C
SUB 1165 C
INS 1168 T
INS 1168 G
INS 1168 G
INS 1169 G
INS 1169 C
INS 1171 T
INS 1171 G
INS 1171 G
INS 1171 T
INS 1171 G
INS 1171 C
INS 1173 A
INS 1173 A
INS 1175 T
SUB 1176 C
SUB 1178 C
SUB 1179 T
SUB 1181 C
SUB 1183 C
SUB 1187 G
SUB 1189 C
INS 1191 T
SUB 1192 T
SUB 1194 T
INS 1196 A
INS 1198 G
SUB 1198 T
INS 1200 A
SUB 1200 T
SUB 1203 A
SUB 1204 G
INS 1206 T
SUB 1207 C
INS 1210 C
INS 1210 C
SUB 1211 G
SUB 1214 T
SUB 1216 A
SUB 1218 G
SUB 1219 A
SUB 1220 G
SUB 1223 G
SUB 1224 C
SUB 1226 C
INS 1228 G
INS 1228 C
SUB 1228 C
INS 1233 C
SUB 1234 T
INS 1238 T
INS 1238 T
SUB 1238 T
INS 1240 G
SUB 1240 T
SUB 1241 G
INS 1246 C
INS 1246 A
INS 1246 G
INS 1247 G
INS 1247 C
INS 1247 G
INS 1247 A
INS 1247 A
SUB 1248 A
INS 1250 T
INS 1253 G
INS 1255 A
INS 1255 A
INS 1256 A
INS 1257 T
SUB 1257 C
SUB 1260 C
SUB 1262 A
SUB 1265 A
SUB 1266 C
SUB 1269 T
SUB 1270 G
SUB 1274 C
SUB 1275 C
INS 1277 A
INS 1277 A
SUB 1277 A
SUB 1278 G
INS 1282 A
SUB 1283 G
DEL 1286
INS 1290 C
SUB 1290 C
SUB 1291 G
INS 1294 C
SUB 1295 C
SUB 1297 T
SUB 1300 T
SUB 1304 G
SUB 1306 C
SUB 1307 A
SUB 1308 A
SUB 1310 A
SUB 1311 C
SUB 1313 A
SUB 1316 C
SUB 1319 T
SUB 1320 C
SUB 1321 A
SUB 1322 A
SUB 1323 A
SUB 1324 A
INS 1327 A
SUB 1327 A
INS 1329 G
INS 1331 G
INS 1332 C
INS 1335 A
SUB 1335 T
SUB 1336 A
SUB 1337 A
INS 1342 C
INS 1343 C
INS 1344 A
INS 1346 G
INS 1348 T
INS 1348 T
INS 1348 T
INS 1350 C
INS 1350 G
INS 1352 C
INS 1352 A
INS 1352 G
INS 1353 T
INS 1353 T
INS 1353 C
INS 1354 C
SUB 1354 C
INS 1357 A
INS 1358 T
INS 1359 C
INS 1360 G
INS 1361 A
SUB 1364 G
INS 1366 A
INS 1367 C
INS 1368 G
SUB 1370 A
INS 1374 C
INS 1374 G
INS 1374 C
SUB 1377 A
DEL 1382
DEL 1383
INS 1387 C
SUB 1388 C
INS 1391 T
INS 1391 C
INS 1391 T
SUB 1392 T
INS 1397 T
INS 1398 C
INS 1398 T
INS 1398 T
INS 1398 T
INS 1398 T
SUB 1401 G
INS 1406 T
INS 1406 T
SUB 1406 T
SUB 1407 A
SUB 1409 C
SUB 1413 C
SUB 1415 G
INS 1417 C
INS 1417 G
INS 1417 T
INS 1419 C
INS 1419 C
INS 1419 G
INS 1419 C
INS 1419 G
INS 1420 T
INS 1420 C
INS 1422 C
INS 1425 G
SUB 1425 C
SUB 1426 C
INS 1429 G
INS 1430 G
SUB 1430 A
SUB 1431 T
INS 1438 T
INS 1438 T
INS 1438 C
SUB 1439 G
INS 1442 C
INS 1442 G
INS 1442 C
INS 1442 C
INS 1442 A
INS 1444 T
INS 1444 C
INS 1445 A
INS 1446 C
INS 1447 A
INS 1450 A
INS 1451 G
SUB 1452 C
INS 1454 G
INS 1455 G
INS 1457 T
INS 1458 G
INS 1460 T
INS 1460 T
SUB 1460 G
INS 1464 G
INS 1465 A
INS 1466 C
INS 1466 G
INS 1466 G
SUB 1468 C
SUB 1471 G
DEL 1475
SUB 1476 G
SUB 1477 G
SUB 1478 G
SUB 1480 C
SUB 1483 C
INS 1489 G
INS 1489 G
SUB 1489 G
SUB 1490 A
INS 1494 T
INS 1494 G
INS 1495 G
INS 1495 T
INS 1496 T
SUB 1498 G
INS 1501 A
INS 1501 C
INS 1501 A
INS 1502 G
INS 1502 C
INS 1503 T
INS 1504 A
INS 1505 G
INS 1505 T
INS 1505 T
INS 1509 A
INS 1510 T
INS 1512 C
INS 1512 G
INS 1513 G
INS 1514 G
SUB 1514 T
SUB 1516 G
INS 1518 T
INS 1520 T
INS 1520 C
SUB 1522 G
INS 1524 C
INS 1525 A
INS 1526 T
INS 1526 G
INS 1526 G
SUB 1526 A
SUB 1527 T
INS 1531 G
SUB 1531 A
INS 1533 T
INS 1533 A
INS 1533 T
SUB 1536 C
SUB 1542 G
INS 1545 A
INS 1545 A
INS 1545 A
INS 1545 G
INS 1545 A
INS 1545 G
INS 1545 G
SUB 1546 A
SUB 1548 G
SUB 1549 A
INS 1552 A
INS 1552 G
INS 1552 G
SUB 1552 T
SUB 1553 T
INS 1555 G
SUB 1555 T
SUB 1556 A
INS 1558 G
INS 1559 T
INS 1559 T
INS 1559 A
INS 1562 A
INS 1562 C
SUB 1563 T
SUB 1566 T
INS 1569 A
SUB 1571 C
SUB 1572 A
INS 1574 G
SUB 1575 A
INS 1577 G
INS 1578 G
SUB 1578 G
INS 1580 A
SUB 1580 G
INS 1584 G
SUB 1584 G
INS 1586 G
INS 1586 G
SUB 1586 G
SUB 1587 A
SUB 1589 A
SUB 1590 A
INS 1594 A
SUB 1595 G
DEL 1598
SUB 1600 G
SUB 1601 T
SUB 1604 A
SUB 1606 A
SUB 1608 G
DEL 1610
SUB 1613 G
SUB 1615 G
SUB 1620 A
SUB 1622 A
INS 1624 T
SUB 1626 G
INS 1628 C
INS 1631 A
INS 1633 T
SUB 1634 T
INS 1636 C
INS 1638 A
SUB 1638 G
SUB 1642 G
SUB 1643 G
SUB 1645 A
DEL 1647
SUB 1649 A
SUB 1650 G
SUB 1651 A
SUB 1652 G
SUB 1654 G
INS 1660 G
INS 1660 T
SUB 1661 G
SUB 1663 C
SUB 1664 C
SUB 1666 G
DEL 1668
SUB 1669 T
DEL 1675
SUB 1677 A
SUB 1678 A
SUB 1679 T
SUB 1680 T
INS 1684 T
INS 1684 T
SUB 1684 T
SUB 1685 C
SUB 1686 T
INS 1689 G
INS 1689 C
SUB 1689 G
SUB 1692 T
SUB 1695 T
SUB 1696 T
SUB 1697 C
SUB 1699 C
INS 1701 A
INS 1702 C
SUB 1702 C
SUB 1705 T
SUB 1706 A
SUB 1707 A
SUB 1708 T
SUB 1711 T
SUB 1713 C
SUB 1714 C
INS 1717 A
INS 1717 A
INS 1717 A
SUB 1718 T
INS 1720 A
SUB 1720 C
INS 1724 C
SUB 1725 C
SUB 1728 A
INS 1730 G
INS 1731 G
INS 1731 A
SUB 1731 A
INS 1733 T
INS 1733 T
INS 1737 G
INS 1738 T
INS 1738 T
SUB 1738 G
SUB 1741 G
INS 1744 C
INS 1746 G
SUB 1747 G
SUB 1749 T
SUB 1750 G
INS 1754 C
INS 1754 A
INS 1754 G
INS 1756 G
INS 1757 T
INS 1757 G
INS 1757 C
INS 1757 G
INS 1761 G
INS 1763 T
INS 1763 T
INS 1763 C
INS 1763 T
INS 1764 T
SUB 1764 T
SUB 1765 C
SUB 1767 A
SUB 1770 C
SUB 1772 C
INS 1776 C
INS 1776 T
SUB 1778 T
SUB 1779 T
INS 1782 A
INS 1782 A
SUB 1783 A
INS 1786 T
SUB 1788 G
SUB 1792 G
SUB 1793 G
SUB 1794 G
INS 1796 C
INS 1798 G
INS 1798 G
INS 1799 G
INS 1799 G
INS 1800 G
INS 1801 C
INS 1801 C
INS 1803 C
SUB 1803 C
INS 1806 C
SUB 1806 T
INS 1810 G
INS 1810 G
INS 1811 C
INS 1811 C
INS 1811 A
INS 1811 A
INS 1812 T
INS 1813 C
SUB 1815 A
INS 1818 C
INS 1819 C
SUB 1819 G
INS 1822 C
INS 1824 C
INS 1824 T
INS 1824 T
INS 1825 T
SUB 1825 G
SUB 1827 G
INS 1830 G
INS 1830 G
SUB 1830 G
INS 1835 C
INS 1835 G
SUB 1835 G
SUB 1837 A
INS 1841 G
INS 1841 C
INS 1844 A
SUB 1847 T
INS 1853 G
INS 1854 G
INS 1854 G
INS 1854 A
INS 1855 G
SUB 1855 A
SUB 1858 A
INS 1860 T
SUB 1861 T
INS 1865 C
INS 1865 C
INS 1867 G
INS 1868 A
INS 1870 A
INS 1870 G
INS 1870 G
INS 1872 G
INS 1872 T
INS 1875 G
INS 1875 G
INS 1875 A
INS 1875 A
SUB 1876 G
SUB 1877 G
INS 1879 G
INS 1879 G
INS 1879 C
INS 1882 G
INS 1886 G
INS 1887 A
INS 1888 G
INS 1888 C
SUB 1890 G
SUB 1891 T
INS 1893 G
INS 1894 C
SUB 1894 A
SUB 1896 C
INS 1898 G
INS 1898 G
INS 1900 G
SUB 1900 G
INS 1903 C
INS 1903 C
DEL 1906
INS 1911 C
INS 1911 C
SUB 1914 A
SUB 1916 A
INS 1919 A
INS 1921 C
INS 1923 G
INS 1925 T
INS 1925 T
SUB 1925 T
INS 1927 G
INS 1928 T
INS 1929 C
INS 1929 A
INS 1931 T
INS 1932 A
INS 1932 T
INS 1933 A
INS 1933 C
INS 1933 T
SUB 1937 C
SUB 1938 C
SUB 1939 C
SUB 1942 A
DEL 1945
SUB 1950 G
INS 1954 C
INS 1954 G
INS 1954 C
INS 1954 G
INS 1957 C
INS 1958 G
INS 1959 T
INS 1959 G
SUB 1959 C
SUB 1961 G
SUB 1962 G
SUB 1969 G
SUB 1970 A
INS 1972 T
INS 1974 T
INS 1977 C
INS 1979 G
INS 1979 C
INS 1979 C
INS 1979 G
SUB 1979 G
INS 1982 G
INS 1982 G
INS 1982 T
INS 1983 T
INS 1983 T
INS 1983 T
INS 1984 G
INS 1985 A
INS 1985 A
INS 1989 T
INS 1989 C
INS 1989 A
INS 1990 T
INS 1992 C
INS 1993 A
INS 1993 A
INS 1996 G
INS 1997 G
SUB 1997 G
SUB 2000 T
INS 2003 A
SUB 2003 T
INS 2005 T
INS 2005 T
INS 2006 T
INS 2007 G
INS 2008 A
INS 2011 T
INS 2012 C
INS 2015 C
INS 2015 G
INS 2015 A
INS 2017 A
INS 2017 C
SUB 2017 G
SUB 2020 C
INS 2022 G
INS 2022 C
INS 2022 G
INS 2023 C
INS 2025 G
INS 2025 A
SUB 2027 C
SUB 2029 T
SUB 2031 A
SUB 2034 C
INS 2036 A
INS 2038 A
INS 2040 A
INS 2040 T
INS 2040 A
INS 2040 T
INS 2040 A
INS 2040 T
INS 2040 A
INS 2043 G
INS 2043 A
INS 2044 G
INS 2044 T
INS 2046 A
INS 2046 A
INS 2047 A
INS 2047 G
INS 2047 G
INS 2047 A
INS 2048 A
INS 2048 T
INS 2049 C
INS 2049 A
INS 2049 C
SUB 2051 A
INS 2053 T
INS 2056 C
INS 2056 G
INS 2056 C
INS 2057 G
SUB 2058 T
INS 2061 C
INS 2062 G
INS 2062 C
SUB 2062 C
INS 2064 G
INS 2064 C
INS 2066 G
INS 2066 T
INS 2066 A
INS 2068 T
SUB 2069 C
INS 2071 G
INS 2071 G
SUB 2071 G
SUB 2072 G
INS 2074 G
INS 2074 G
INS 2075 C
SUB 2077 C
INS 2079 C
INS 2080 G
INS 2082 C
INS 2083 T
INS 2083 T
INS 2083 A
INS 2084 C
INS 2084 T
INS 2085 C
INS 2085 T
INS 2086 C
INS 2086 C
INS 2088 A
INS 2088 T
INS 2088 T
INS 2088 A
INS 2088 A
INS 2092 C
INS 2092 T
SUB 2093 C
INS 2097 C
INS 2097 T
INS 2097 C
INS 2098 T
INS 2098 T
INS 2099 A
INS 2099 C
INS 2100 C
INS 2100 C
INS 2100 A
INS 2102 C
INS 2102 T
INS 2103 G
SUB 2103 G
INS 2105 A
SUB 2106 C
INS 2109 A
INS 2111 C
INS 2112 G
INS 2113 C
INS 2113 A
INS 2113 A
INS 2116 C
INS 2116 C
SUB 2116 T
INS 2118 T
INS 2118 T
INS 2118 T
INS 2118 C
INS 2119 T
INS 2119 T
INS 2119 T
INS 2119 G
INS 2120 A
INS 2121 T
INS 2122 A
INS 2122 A
INS 2122 A
INS 2122 A
SUB 2123 A
INS 2125 A
INS 2126 T
INS 2127 T
INS 2127 G
INS 2127 G
INS 2127 T
INS 2128 A
INS 2128 A
INS 2132 G
SUB 2132 G
INS 2134 G
SUB 2134 A
INS 2136 A
INS 2136 T
INS 2137 A
INS 2137 C
INS 2137 C
INS 2138 C
INS 2138 A
SUB 2139 C
INS 2141 A
INS 2144 A
INS 2145 G
INS 2146 G
INS 2146 C
INS 2146 A
INS 2146 G
INS 2146 C
INS 2147 A
INS 2147 T
INS 2150 A
SUB 2150 G
SUB 2151 G
INS 2153 A
INS 2153 T
INS 2153 T
SUB 2153 T
SUB 2155 T
SUB 2157 C
INS 2161 G
INS 2161 T
INS 2162 T
INS 2163 T
INS 2164 T
SUB 2164 T
INS 2166 C
INS 2167 T
INS 2169 T
INS 2169 C
INS 2173 T
INS 2173 T
INS 2174 T
INS 2174 T
INS 2175 G
INS 2176 T
INS 2177 T
INS 2178 G
INS 2178 A
INS 2178 T
INS 2178 G
INS 2178 T
INS 2178 T
INS 2179 T
INS 2184 G
INS 2185 G
SUB 2185 C
SUB 2187 T
INS 2190 T
INS 2192 T
INS 2193 G
INS 2193 G
INS 2193 G
INS 2193 T
INS 2194 G
INS 2194 T
INS 2195 C
SUB 2196 G
INS 2198 T
SUB 2198 A
INS 2200 G
INS 2202 T
INS 2202 T
SUB 2202 C
INS 2205 T
INS 2205 T
INS 2205 C
INS 2205 C
INS 2206 T
INS 2206 T
INS 2207 T
INS 2208 A
INS 2208 T
SUB 2208 G
INS 2210 T
INS 2210 A
INS 2210 A
INS 2212 T
INS 2212 C
INS 2212 A
INS 2213 T
INS 2213 A
INS 2214 G
INS 2214 G
INS 2214 T
INS 2215 C
INS 2218 G
INS 2220 G
INS 2220 G
INS 2220 A
INS 2220 C
INS 2221 T
INS 2222 A
SUB 2224 C
SUB 2227 T
INS 2233 C
INS 2233 A
INS 2233 T
INS 2235 T
INS 2235 G
INS 2235 C
INS 2235 C
INS 2235 C
INS 2237 A
INS 2240 T
INS 2240 T
INS 2241 T
SUB 2241 G
INS 2245 G
INS 2245 G
SUB 2246 C
INS 2249 C
SUB 2249 A
SUB 2253 A
SUB 2257 G
SUB 2260 T
SUB 2263 G
SUB 2264 G
SUB 2265 G
SUB 2268 T
INS 2271 T
INS 2271 G
INS 2271 G
INS 2272 T
INS 2272 G
SUB 2273 G
INS 2275 G
SUB 2277 A
INS 2279 A
SUB 2281 T
INS 2283 C
INS 2283 T
INS 2283 C
INS 2283 T
INS 2284 C
INS 2284 G
INS 2284 C
INS 2285 T
INS 2287 G
SUB 2287 C
SUB 2288 G
SUB 2289 T
SUB 2291 T
INS 2294 T
SUB 2295 G
INS 2298 G
SUB 2299 C
SUB 2300 C
SUB 2301 G
SUB 2302 C
SUB 2305 A
SUB 2308 C
INS 2310 T
SUB 2313 C
SUB 2316 G
INS 2318 A
INS 2318 A
INS 2319 C
SUB 2319 C
INS 2322 C
SUB 2322 C
INS 2324 C
SUB 2324 C
INS 2326 T
INS 2328 G
SUB 2329 G
INS 2331 C
INS 2332 G
INS 2332 G
INS 2332 C
INS 2332 C
SUB 2332 G
INS 2335 T
INS 2338 G
INS 2338 T
INS 2340 A
INS 2342 G
INS 2342 A
INS 2343 C
INS 2344 C
INS 2345 A
INS 2347 G
INS 2347 T
INS 2349 C
INS 2350 G
INS 2353 T
INS 2353 G
INS 2354 A
INS 2354 T
INS 2355 C
INS 2358 A
INS 2359 C
INS 2359 T
INS 2359 C
INS 2359 C
SUB 2360 C
SUB 2361 C
SUB 2362 T
INS 2366 C
INS 2366 A
INS 2366 A
INS 2367 T
INS 2368 G
SUB 2368 A
INS 2373 T
SUB 2374 A
INS 2377 A
SUB 2380 G
INS 2383 G
INS 2383 C
INS 2384 C
INS 2385 T
INS 2387 C
INS 2389 T
INS 2389 T
INS 2389 G
INS 2389 G
INS 2389 C
INS 2389 G
SUB 2390 G
INS 2392 G
INS 2392 C
INS 2392 C
INS 2394 A
INS 2394 A
SUB 2394 C
INS 2396 C
INS 2396 C
INS 2399 C
SUB 2401 C
SUB 2404 T
SUB 2405 C
INS 2408 A
SUB 2409 A
SUB 2410 G
INS 2414 G
INS 2415 T
INS 2415 A
INS 2415 A
INS 2415 G
INS 2415 T
INS 2415 G
INS 2416 A
INS 2416 G
INS 2416 T
INS 2419 G
SUB 2419 T
INS 2421 A
INS 2421 A
INS 2422 T
INS 2423 A
INS 2423 C
INS 2424 G
INS 2425 C
INS 2425 A
INS 2425 A
SUB 2426 T
INS 2428 A
INS 2431 G
INS 2431 G
INS 2433 C
INS 2433 C
INS 2433 T
INS 2434 A
INS 2434 C
INS 2434 A
INS 2434 T
INS 2434 C
INS 2434 T
INS 2434 C
INS 2434 A
INS 2434 T
INS 2434 A
INS 2434 T
INS 2434 A
INS 2434 C
INS 2434 A
INS 2434 A
INS 2435 C
SUB 2440 G
INS 2443 A
INS 2444 T
SUB 2445 T
SUB 2446 T
INS 2450 C
SUB 2450 T
SUB 2452 T
SUB 2453 T
INS 2456 A
INS 2457 T
SUB 2457 G
SUB 2460 T
SUB 2463 A
INS 2466 A
INS 2466 A
INS 2466 A
INS 2466 G
SUB 2467 C
INS 2470 C
INS 2470 A
INS 2471 T
INS 2471 T
INS 2472 C
SUB 2474 T
SUB 2477 A
INS 2480 G
INS 2481 A
INS 2483 T
SUB 2484 A
SUB 2487 T
SUB 2488 A
SUB 2492 A
SUB 2493 A
INS 2495 T
INS 2496 C
INS 2498 A
INS 2498 A
SUB 2498 C
INS 2500 G
SUB 2500 G
INS 2504 A
INS 2504 C
INS 2505 A
INS 2508 C
INS 2509 G
SUB 2509 C
SUB 2510 C
INS 2512 C
INS 2514 A
INS 2514 A
SUB 2516 C
SUB 2518 G
SUB 2519 G
SUB 2521 C
INS 2526 A
INS 2526 A
INS 2526 A
INS 2526 C
SUB 2526 C
INS 2529 A
INS 2531 A
INS 2531 G
INS 2532 C
INS 2533 C
INS 2533 A
INS 2533 A
INS 2534 C
INS 2534 A
INS 2534 G
INS 2537 A
INS 2537 T
SUB 2538 G
INS 2540 A
INS 2540 A
INS 2540 G
INS 2540 C
INS 2543 T
INS 2543 G
INS 2544 A
INS 2544 T
INS 2546 G
INS 2546 T
INS 2546 G
INS 2546 G
SUB 2547 G
SUB 2550 T
SUB 2551 G
SUB 2552 G
INS 2556 G
INS 2558 C
INS 2559 A
INS 2559 G
INS 2559 A
INS 2561 C
SUB 2561 G
INS 2564 G
INS 2564 G
INS 2566 C
INS 2566 C
INS 2568 G
INS 2570 A
INS 2570 A
INS 2570 G
INS 2570 A
INS 2570 G
INS 2570 G
INS 2573 G
INS 2573 T
INS 2573 T
INS 2573 T
SUB 2574 T
INS 2576 T
SUB 2576 C
INS 2578 A
INS 2578 T
INS 2584 A
INS 2586 G
SUB 2587 G
INS 2592 C
SUB 2592 C
INS 2597 T
INS 2598 T
SUB 2598 T
INS 2602 T
INS 2602 C
SUB 2602 A
INS 2605 T
INS 2605 T
INS 2608 C
INS 2611 T
INS 2611 G
SUB 2611 G
SUB 2615 A
SUB 2616 G
SUB 2618 C
SUB 2621 T
INS 2623 T
INS 2623 A
SUB 2623 T
SUB 2625 T
INS 2627 T
INS 2627 T
INS 2628 T
INS 2628 T
INS 2628 G
SUB 2628 G
INS 2631 A
INS 2634 C
INS 2635 C
INS 2635 T
INS 2640 T
INS 2640 T
INS 2640 A
SUB 2641 A
SUB 2642 A
INS 2644 T
INS 2644 T
SUB 2644 T
SUB 2645 A
INS 2648 A
SUB 2649 A
DEL 2652
SUB 2653 C
SUB 2656 T
SUB 2663 A
SUB 2664 A
SUB 2665 A
SUB 2668 A
SUB 2669 A
INS 2671 C
SUB 2672 T
INS 2674 T
INS 2674 T
SUB 2677 A
INS 2680 T
INS 2680 T
INS 2680 A
SUB 2681 G
INS 2686 A
INS 2687 G
INS 2687 C
INS 2687 C
INS 2687 C
INS 2689 T
INS 2689 T
INS 2689 C
INS 2693 T
SUB 2693 A
INS 2695 G
INS 2697 G
SUB 2699 T
INS 2704 A
INS 2704 A
INS 2705 G
INS 2707 T
INS 2707 T
INS 2708 C
INS 2708 T
INS 2708 G
INS 2708 G
INS 2708 T
INS 2711 G
SUB 2711 C
INS 2713 T
INS 2714 A
INS 2714 A
INS 2716 T
INS 2716 C
INS 2716 T
INS 2717 C
SUB 2718 C
INS 2724 C
SUB 2725 C
INS 2728 T
SUB 2729 C
SUB 2731 A
SUB 2732 C
INS 2735 A
INS 2735 A
SUB 2735 G
SUB 2736 A
SUB 2737 A
SUB 2740 T
SUB 2746 C
INS 2748 A
SUB 2749 A
SUB 2751 A
INS 2754 G
SUB 2758 A
SUB 2759 C
SUB 2761 T
SUB 2762 T
INS 2764 T
INS 2767 A
INS 2767 A
SUB 2767 G
SUB 2768 A
INS 2771 G
INS 2772 A
INS 2772 A
SUB 2772 G
SUB 2777 C
INS 2779 G
INS 2779 T
INS 2780 T
INS 2781 G
INS 2782 A
SUB 2784 G
INS 2786 A
INS 2787 G
SUB 2788 T
SUB 2789 G
SUB 2791 A
SUB 2792 T
INS 2794 A
SUB 2795 T
INS 2798 G
INS 2800 T
SUB 2800 G
INS 2802 A
INS 2805 T
INS 2805 A
INS 2805 A
INS 2805 T
INS 2805 T
INS 2809 G
SUB 2810 C
SUB 2811 T
SUB 2812 T
SUB 2813 C
INS 2815 T
INS 2817 T
INS 2817 T
SUB 2818 T
SUB 2820 T
SUB 2822 T
SUB 2823 A
INS 2829 T
SUB 2829 T
SUB 2830 T
SUB 2831 G
INS 2833 A
SUB 2834 C
SUB 2838 C
SUB 2839 A
SUB 2841 T
INS 2845 G
INS 2845 A
INS 2849 G
INS 2849 C
INS 2850 G
INS 2850 C
SUB 2850 G
INS 2852 G
INS 2852 G
INS 2855 G
INS 2855 T
INS 2855 T
INS 2855 T
INS 2858 T
SUB 2860 C
SUB 2861 T
SUB 2864 A
INS 2867 T
INS 2867 A
INS 2869 G
INS 2870 A
INS 2872 G
SUB 2873 G
INS 2875 T
INS 2875 T
INS 2875 G
SUB 2877 T
SUB 2879 G
DEL 2884
DEL 2887
INS 2893 A
INS 2894 C
INS 2896 T
SUB 2897 T
SUB 2899 G
INS 2902 T
INS 2902 T
SUB 2903 T
SUB 2905 C
SUB 2906 C
INS 2908 T
INS 2908 T
INS 2909 T
INS 2909 A
INS 2909 G
INS 2909 T
SUB 2911 C
SUB 2912 T
SUB 2913 T
INS 2915 C
INS 2915 C
INS 2916 A
SUB 2916 A
SUB 2918 T
INS 2922 G
INS 2922 C
INS 2924 G
INS 2924 T
INS 2927 C
INS 2928 A
INS 2928 A
SUB 2928 C
INS 2930 T
SUB 2930 T
INS 2933 T
INS 2933 A
INS 2933 T
SUB 2934 C
SUB 2935 A
SUB 2936 A
SUB 2938 T
SUB 2939 T
SUB 2942 G
SUB 2944 A
INS 2947 A
SUB 2947 T
SUB 2949 T
INS 2951 G
INS 2954 C
INS 2954 G
SUB 2954 G
SUB 2956 T
DEL 2960
SUB 2962 G
INS 2968 C
SUB 2968 A
SUB 2969 A
SUB 2970 A
SUB 2972 A
SUB 2974 A
SUB 2976 A
INS 2978 C
SUB 2979 A
INS 2983 C
INS 2983 G
INS 2984 A
SUB 2984 G
SUB 2985 G
SUB 2986 A
SUB 2990 G
SUB 2992 A
SUB 2995 A
SUB 2996 A
SUB 2998 A
INS 3002 A
INS 3004 G
SUB 3004 T
SUB 3008 G
SUB 3009 G
SUB 3010 G
INS 3012 G
SUB 3012 T
SUB 3013 G
SUB 3016 A
SUB 3018 G
SUB 3019 G
INS 3022 T
SUB 3022 A
SUB 3023 A
INS 3025 T
SUB 3025 A
SUB 3026 C
INS 3031 G
INS 3031 C
SUB 3034 A
SUB 3037 A
SUB 3038 A
INS 3040 A
SUB 3040 T
INS 3043 G
INS 3044 C
SUB 3046 A
INS 3048 T
SUB 3050 C
SUB 3051 A
INS 3054 T
INS 3054 C
INS 3054 T
SUB 3055 G
SUB 3056 C
INS 3059 G
INS 3059 A
INS 3062 G
SUB 3063 T
SUB 3064 G
SUB 3070 C
INS 3072 T
SUB 3075 T
INS 3077 T
SUB 3077 A
SUB 3079 A
SUB 3081 T
SUB 3082 T
INS 3086 C
INS 3089 G
SUB 3090 A
INS 3092 G
INS 3092 T
INS 3093 G
DEL 3095
SUB 3097 C
SUB 3098 A
SUB 3100 A
INS 3102 T
INS 3104 T
SUB 3107 C
SUB 3108 T
SUB 3111 G
INS 3113 C
INS 3116 T
INS 3116 T
SUB 3116 C
SUB 3117 C
INS 3121 A
SUB 3122 C
SUB 3124 G
INS 3128 G
SUB 3130 T
SUB 3131 C
SUB 3133 G
SUB 3134 C
SUB 3138 G
SUB 3139 G
INS 3142 G
SUB 3143 C
INS 3145 G
INS 3145 G
DEL 3150
SUB 3151 C
DEL 3155
SUB 3156 T
INS 3161 C
INS 3163 A
INS 3164 C
INS 3165 G
INS 3165 G
INS 3167 A
INS 3169 G
INS 3169 T
INS 3173 G
INS 3173 C
INS 3174 C
SUB 3175 A
SUB 3177 G
INS 3180 T
INS 3181 T
INS 3182 T
INS 3182 A
SUB 3182 G
SUB 3184 A
SUB 3185 A
INS 3190 A
INS 3191 A
INS 3191 A
SUB 3192 T
DEL 3196
DEL 3197
SUB 3198 C
INS 3204 T
INS 3204 T
INS 3206 T
INS 3206 T
SUB 3206 T
INS 3208 G
SUB 3209 T
SUB 3211 T
SUB 3214 C
DEL 3217
SUB 3218 G
SUB 3220 C
INS 3224 C
SUB 3224 C
INS 3227 C
SUB 3227 A
INS 3232 C
SUB 3232 G
SUB 3233 C
SUB 3235 C
SUB 3236 G
INS 3238 G
INS 3238 G
INS 3238 A
DEL 3240
DEL 3243
SUB 3244 G
SUB 3245 G
SUB 3248 T
INS 3250 T
SUB 3250 G
SUB 3254 T
SUB 3256 C
INS 3258 G
INS 3259 G
INS 3260 A
SUB 3260 C
INS 3265 T
INS 3265 C
SUB 3265 A
INS 3268 G
INS 3269 A
SUB 3270 A
INS 3273 A
INS 3273 G
SUB 3273 A
INS 3277 C
SUB 3278 A
SUB 3280 T
INS 3283 G
SUB 3283 T
INS 3285 C
INS 3285 A
INS 3287 C
INS 3287 G
INS 3289 G
INS 3289 G
INS 3289 C
INS 3291 G
SUB 3291 G
INS 3294 G
SUB 3294 T
INS 3296 G
INS 3296 G
INS 3296 T
INS 3297 T
INS 3297 G
INS 3298 G
INS 3298 T
INS 3299 C
INS 3301 T
SUB 3302 G
SUB 3303 T
INS 3306 T
INS 3307 A
INS 3307 C
SUB 3310 A
SUB 3312 C
INS 3315 A
INS 3318 G
SUB 3318 G
INS 3320 A
INS 3322 C
INS 3323 A
INS 3323 A
INS 3323 A
INS 3323 A
INS 3323 C
SUB 3323 A
SUB 3327 A
SUB 3328 T
INS 3331 A
INS 3331 C
INS 3333 T
INS 3333 A
INS 3333 A
SUB 3335 G
DEL 3338
SUB 3340 G
SUB 3342 T
INS 3345 A
SUB 3347 C
SUB 3348 T
INS 3351 C
INS 3353 C
SUB 3357 T
SUB 3358 A
INS 3361 A
INS 3361 C
SUB 3361 T
SUB 3362 C
INS 3369 G
INS 3369 C
INS 3369 G
INS 3369 G
SUB 3369 C
INS 3371 C
INS 3371 C
SUB 3373 C
SUB 3374 C
SUB 3375 C
SUB 3376 A
INS 3378 C
SUB 3378 C
INS 3381 C
INS 3383 G
SUB 3383 T
SUB 3387 T
SUB 3388 A
SUB 3389 C
INS 3391 G
SUB 3394 A
INS 3397 T
SUB 3398 A
SUB 3399 A
SUB 3401 C
SUB 3403 C
SUB 3404 A
INS 3406 T
INS 3410 G
SUB 3411 A
INS 3413 C
SUB 3414 C
SUB 3416 G
SUB 3418 G
SUB 3421 C
SUB 3423 G
INS 3425 G
SUB 3425 T
SUB 3426 G
INS 3428 T
INS 3428 G
SUB 3431 A
SUB 3433 G
SUB 3434 C
SUB 3436 C
SUB 3439 G
DEL 3441
SUB 3443 T
SUB 3445 T
DEL 3447
SUB 3451 C
SUB 3453 T
INS 3455 A
SUB 3456 A
SUB 3457 T
INS 3460 T
INS 3461 T
SUB 3461 G
INS 3467 A
INS 3470 T
INS 3470 T
INS 3470 T
SUB 3470 T
INS 3473 C
SUB 3473 C
SUB 3474 G
SUB 3475 T
INS 3479 A
INS 3479 C
INS 3479 C
INS 3479 C
INS 3479 C
INS 3480 T
INS 3481 C
INS 3482 G
SUB 3483 C
INS 3486 A
INS 3487 G
INS 3487 C
INS 3487 C
INS 3488 A
INS 3490 A
INS 3492 C
INS 3496 G
INS 3496 G
INS 3497 C
INS 3497 A
INS 3497 A
INS 3497 C
INS 3497 C
INS 3497 G
INS 3498 G
INS 3498 G
INS 3498 A
INS 3499 G
INS 3499 C
INS 3499 C
INS 3499 G
INS 3500 G
INS 3500 G
SUB 3500 G
SUB 3502 G
INS 3504 C
INS 3505 G
INS 3506 A
INS 3507 G
INS 3509 A
INS 3509 C
INS 3509 T
INS 3509 T
INS 3509 A
INS 3511 G
INS 3512 G
INS 3512 C
SUB 3513 C
INS 3516 T
INS 3521 A
INS 3521 A
INS 3521 G
INS 3521 C
INS 3525 A
SUB 3525 T
SUB 3526 T
INS 3528 A
INS 3528 T
INS 3530 C
INS 3530 T
INS 3531 A
SUB 3531 A
INS 3538 C
INS 3538 C
INS 3539 G
INS 3539 C
INS 3541 T
SUB 3541 G
SUB 3542 G
SUB 3544 C
INS 3548 C
INS 3551 G
INS 3554 A
INS 3555 G
SUB 3555 A
INS 3557 T
INS 3557 T
INS 3557 T
INS 3557 T
INS 3559 C
INS 3559 A
SUB 3559 A
SUB 3561 G
SUB 3563 A
SUB 3564 G
INS 3569 G
INS 3570 G
INS 3570 T
INS 3571 G
INS 3571 G
SUB 3571 C
SUB 3573 G
SUB 3575 C
SUB 3578 C
SUB 3580 T
INS 3582 A
SUB 3583 C
SUB 3584 T
DEL 3587
SUB 3588 G
SUB 3590 C
SUB 3591 A
SUB 3594 G
SUB 3596 C
INS 3599 T
INS 3599 C
INS 3600 C
INS 3602 G
INS 3603 C
INS 3605 C
INS 3605 G
INS 3605 C
INS 3607 A
INS 3607 T
INS 3609 A
INS 3610 T
INS 3611 C
SUB 3611 A
SUB 3612 C
INS 3616 A
INS 3616 A
SUB 3618 C
SUB 3620 C
SUB 3621 C
INS 3624 A
SUB 3624 A
DEL 3628
SUB 3631 A
INS 3634 T
INS 3634 A
INS 3635 T
INS 3635 T
SUB 3638 C
INS 3640 G
SUB 3640 C
INS 3642 T
SUB 3642 T
INS 3648 T
INS 3648 T
SUB 3649 C
INS 3652 C
INS 3652 G
SUB 3653 C
SUB 3655 G
SUB 3656 T
SUB 3657 G
SUB 3659 G
SUB 3660 T
INS 3663 A
INS 3665 A
INS 3665 G
INS 3668 G
SUB 3668 G
INS 3670 G
INS 3670 C
INS 3671 G
INS 3675 T
INS 3677 A
INS 3677 C
INS 3677 C
INS 3677 A
SUB 3677 A
INS 3679 C
INS 3679 C
INS 3679 G
INS 3680 G
SUB 3680 G
SUB 3682 C
INS 3684 T
DEL 3688
SUB 3690 T
INS 3693 G
SUB 3693 G
SUB 3694 G
SUB 3695 G
INS 3698 C
INS 3698 C
SUB 3698 G
SUB 3699 G
INS 3701 G
SUB 3701 G
INS 3704 G
SUB 3707 A
SUB 3708 C
INS 3712 C
INS 3713 T
INS 3714 G
INS 3714 G
INS 3717 A
INS 3717 A
SUB 3717 A
SUB 3718 A
SUB 3719 A
INS 3722 C
INS 3722 C
SUB 3724 C
SUB 3726 C
SUB 3727 T
INS 3730 G
SUB 3730 C
SUB 3732 C
INS 3734 C
INS 3735 C
SUB 3735 C
INS 3737 C
INS 3738 G
INS 3741 C
INS 3741 C
INS 3741 A
SUB 3741 T
INS 3743 C
INS 3743 C
SUB 3743 A
SUB 3746 G
SUB 3747 T
SUB 3749 A
SUB 3751 A
INS 3754 A
SUB 3754 G
SUB 3757 G
SUB 3758 C
SUB 3759 C
INS 3762 A
SUB 3762 C
INS 3766 T
INS 3766 C
SUB 3767 A
INS 3771 C
INS 3771 C
INS 3771 A
INS 3771 C
INS 3771 C
INS 3772 G
INS 3776 C
SUB 3776 T
SUB 3779 C
SUB 3780 C
SUB 3781 T
SUB 3783 T
INS 3785 T
INS 3787 A
SUB 3788 G
SUB 3790 T
SUB 3792 T
SUB 3793 T
SUB 3795 G
INS 3800 G
SUB 3801 A
SUB 3803 G
SUB 3804 G
INS 3806 G
INS 3806 T
INS 3809 A
INS 3809 A
INS 3809 C
INS 3810 A
SUB 3811 C
INS 3813 C
INS 3813 G
INS 3813 G
SUB 3816 T
INS 3820 T
INS 3820 T
SUB 3821 G
SUB 3822 G
INS 3824 G
SUB 3824 G
SUB 3826 T
SUB 3827 T
SUB 3829 G
SUB 3833 A
INS 3836 G
INS 3837 G
INS 3837 G
SUB 3837 A
SUB 3838 A
SUB 3842 A
SUB 3844 C
INS 3854 C
SUB 3854 A
INS 3858 C
INS 3858 C
INS 3858 G
INS 3859 A
INS 3861 T
INS 3861 T
INS 3861 T
INS 3861 T
INS 3861 A
INS 3862 G
INS 3864 A
INS 3864 T
INS 3864 A
INS 3864 T
INS 3865 T
INS 3865 T
INS 3866 T
INS 3866 T
SUB 3866 C
INS 3869 A
SUB 3870 T
INS 3872 T
SUB 3874 C
SUB 3875 C
SUB 3878 A
SUB 3880 T
SUB 3881 T
SUB 3883 C
INS 3885 C
INS 3888 G
INS 3888 A
DEL 3892
SUB 3893 G
INS 3896 A
INS 3898 A
INS 3899 G
INS 3900 T
INS 3901 T
INS 3902 T
INS 3903 T
INS 3903 A
INS 3903 A
INS 3903 T
INS 3903 A
INS 3905 G
SUB 3905 G
SUB 3908 T
SUB 3909 C
SUB 3911 A
SUB 3913 C
SUB 3917 T
SUB 3919 C
SUB 3922 A
INS 3924 T
INS 3924 T
INS 3928 C
INS 3929 A
SUB 3929 A
INS 3931 T
SUB 3933 G
INS 3935 T
INS 3935 T
INS 3935 C
INS 3936 C
INS 3937 A
INS 3937 G
INS 3939 G
INS 3941 T
SUB 3941 G
SUB 3942 G
SUB 3943 G
INS 3945 G
INS 3945 A
INS 3949 T
INS 3949 G
INS 3951 C
INS 3953 T
INS 3954 T
INS 3955 G
INS 3956 A
INS 3958 A
INS 3959 A
INS 3959 A
INS 3959 A
INS 3959 C
INS 3960 C
SUB 3960 A
INS 3962 C
INS 3964 C
INS 3964 T
INS 3964 C
INS 3965 A
INS 3966 A
INS 3971 T
INS 3971 G
INS 3973 A
INS 3975 G
INS 3975 C
INS 3975 C
SUB 3975 G
INS 3977 C
INS 3977 C
SUB 3979 A
SUB 3980 A
SUB 3981 A
INS 3984 T
INS 3984 T
INS 3985 A
SUB 3988 C
SUB 3990 T
SUB 3991 C
SUB 3992 C
INS 3995 G
INS 3996 G
INS 3996 G
INS 3998 A
INS 3998 C
SUB 3998 G
INS 4001 A
SUB 4003 T
SUB 4005 G
INS 4008 G
INS 4009 G
INS 4011 C
SUB 4011 G
INS 4014 T
INS 4016 G
INS 4017 A
INS 4017 T
INS 4017 T
INS 4017 T
INS 4017 T
INS 4019 T
INS 4019 T
SUB 4019 T
INS 4022 T
SUB 4023 A
INS 4026 A
INS 4026 C
INS 4027 A
INS 4027 C
SUB 4027 T
SUB 4028 C
INS 4031 C
INS 4033 G
INS 4034 C
INS 4034 A
INS 4035 A
INS 4036 G
SUB 4037 A
INS 4040 G
INS 4044 C
INS 4044 T
INS 4044 T
INS 4045 A
INS 4045 G
INS 4051 A
INS 4051 A
INS 4053 A
INS 4054 C
INS 4055 C
INS 4055 C
INS 4055 G
INS 4055 G
SUB 4057 G
SUB 4059 G
SUB 4060 G
SUB 4061 A
SUB 4062 A
SUB 4064 G
INS 4066 A
INS 4067 C
INS 4067 T
INS 4067 C
INS 4068 G
INS 4072 C
INS 4074 T
INS 4074 T
SUB 4075 C
INS 4078 G
INS 4078 G
INS 4078 G
INS 4079 C
INS 4079 C
INS 4079 G
SUB 4080 T
SUB 4082 C
SUB 4083 C
INS 4087 C
INS 4087 C
INS 4088 G
INS 4088 T
INS 4089 T
INS 4093 G
SUB 4093 C
SUB 4097 C
SUB 4099 A
INS 4101 C
INS 4103 G
INS 4103 T
INS 4103 T
SUB 4105 G
SUB 4106 T
SUB 4107 T
INS 4111 A
INS 4113 T
SUB 4113 A
INS 4117 A
SUB 4118 T
INS 4120 G
INS 4120 T
SUB 4120 T
SUB 4123 A
SUB 4124 A
SUB 4125 G
INS 4129 G
INS 4129 G
INS 4130 T
SUB 4131 G
INS 4133 G
INS 4135 T
INS 4135 T
SUB 4137 A
SUB 4139 T
INS 4141 G
SUB 4143 T
SUB 4145 A
SUB 4146 C
SUB 4147 T
INS 4149 A
INS 4150 T
INS 4151 A
INS 4151 A
INS 4152 A
INS 4152 T
INS 4155 A
INS 4158 G
SUB 4158 A
SUB 4159 T
SUB 4161 A
SUB 4163 A
INS 4165 C
INS 4165 C
INS 4165 T
INS 4170 T
SUB 4170 T
SUB 4171 T
SUB 4172 T
INS 4175 C
SUB 4175 G
SUB 4177 C
SUB 4180 G
INS 4184 A
INS 4185 A
SUB 4185 A
SUB 4187 T
SUB 4188 C
SUB 4189 C
INS 4191 G
SUB 4192 T
INS 4196 A
INS 4196 T
INS 4196 A
INS 4196 A
SUB 4196 A
INS 4200 C
INS 4201 G
INS 4203 A
SUB 4203 T
SUB 4204 A
INS 4208 G
INS 4208 C
SUB 4208 A
INS 4212 C
INS 4212 G
INS 4212 G
INS 4213 T
INS 4213 T
SUB 4217 A
SUB 4218 G
SUB 4219 C
INS 4224 A
INS 4225 T
SUB 4226 G
SUB 4227 C
SUB 4228 C
INS 4234 C
SUB 4234 A
SUB 4237 G
SUB 4239 G
SUB 4240 C
SUB 4241 C
SUB 4245 T
SUB 4246 A
INS 4251 G
INS 4251 A
INS 4252 G
INS 4255 G
SUB 4256 A
INS 4259 C
SUB 4259 G
SUB 4260 C
SUB 4261 T
SUB 4264 T
SUB 4265 C
SUB 4268 A
SUB 4270 C
SUB 4274 T
INS 4276 T
INS 4277 A
INS 4278 G
INS 4278 C
INS 4280 T
SUB 4280 C
INS 4282 A
INS 4284 G
INS 4285 A
SUB 4285 G
INS 4287 C
INS 4289 T
INS 4289 C
INS 4291 T
SUB 4292 A
INS 4294 G
INS 4295 G
INS 4297 T
SUB 4299 T
SUB 4300 A
INS 4303 G
INS 4303 G
SUB 4303 G
INS 4305 T
SUB 4307 C
SUB 4309 T
INS 4312 G
INS 4314 G
INS 4315 T
INS 4315 C
INS 4316 T
SUB 4318 T
INS 4320 A
SUB 4321 A
INS 4323 C
INS 4324 G
DEL 4327
SUB 4328 C
SUB 4330 T
SUB 4331 G
SUB 4334 C
SUB 4337 C
SUB 4340 G
INS 4342 G
SUB 4342 T
SUB 4345 T
INS 4347 A
SUB 4347 C
INS 4349 C
SUB 4351 G
SUB 4352 G
DEL 4354
SUB 4355 G
SUB 4356 G
SUB 4359 G
SUB 4362 G
SUB 4363 T
SUB 4365 C
SUB 4369 C
INS 4373 T
INS 4375 A
SUB 4375 A
SUB 4377 G
SUB 4380 G
DEL 4382
SUB 4383 C
SUB 4384 A
SUB 4388 A
SUB 4389 A
SUB 4390 G
SUB 4393 T
SUB 4394 T
INS 4396 T
SUB 4399 T
INS 4402 A
INS 4402 C
INS 4403 G
SUB 4403 G
INS 4409 A
INS 4412 G
INS 4412 C
SUB 4412 C
INS 4414 A
INS 4414 A
INS 4416 A
INS 4418 G
INS 4418 C
INS 4418 G
SUB 4418 A
INS 4421 A
INS 4421 A
SUB 4422 T
INS 4425 C
SUB 4429 C
INS 4431 T
INS 4431 T
INS 4435 G
SUB 4435 A
INS 4438 A
INS 4438 A
INS 4439 T
INS 4439 T
INS 4439 T
INS 4439 T
INS 4439 T
INS 4440 T
INS 4440 G
INS 4442 T
INS 4443 C
INS 4443 T
INS 4444 T
INS 4444 A
INS 4444 G
INS 4446 C
SUB 4446 G
INS 4450 C
SUB 4450 A
INS 4452 A
SUB 4453 G
INS 4455 G
INS 4456 T
INS 4458 A
SUB 4458 A
INS 4463 T
SUB 4463 T
SUB 4465 C
SUB 4466 T
SUB 4468 C
SUB 4471 G
SUB 4473 G
INS 4477 A
INS 4477 A
INS 4477 T
INS 4478 C
INS 4480 A
INS 4481 C
INS 4481 C
INS 4481 G
INS 4481 C
INS 4481 T
INS 4482 G
INS 4482 G
INS 4482 G
INS 4484 G
INS 4484 G
INS 4484 G
SUB 4484 G
SUB 4487 T
SUB 4489 G
INS 4493 A
INS 4494 A
INS 4494 G
INS 4494 C
INS 4494 C
INS 4495 T
INS 4495 A
INS 4498 G
SUB 4498 G
INS 4501 A
INS 4503 G
INS 4504 G
SUB 4504 A
SUB 4505 T
SUB 4507 T
INS 4509 T
INS 4509 C
SUB 4509 T
INS 4512 A
INS 4512 G
INS 4513 G
INS 4516 A
INS 4517 C
INS 4519 C
INS 4520 C
INS 4520 A
INS 4523 G
SUB 4523 G
INS 4525 A
SUB 4527 C
SUB 4528 T
INS 4531 G
SUB 4531 T
INS 4534 T
INS 4534 T
INS 4534 T
INS 4535 T
INS 4535 T
INS 4535 T
SUB 4538 T
SUB 4540 C
SUB 4541 T
INS 4544 A
INS 4546 G
INS 4546 C
INS 4546 G
INS 4547 C
INS 4547 C
INS 4547 A
INS 4548 T
INS 4549 T
INS 4549 T
INS 4550 A
INS 4550 G
INS 4550 A
SUB 4550 A
INS 4553 A
INS 4555 G
INS 4556 C
INS 4557 T
INS 4557 T
SUB 4557 T
INS 4560 C
INS 4560 G
INS 4562 C
INS 4564 G
SUB 4564 G
INS 4566 G
SUB 4566 G
INS 4568 T
SUB 4568 G
SUB 4569 G
INS 4573 A
SUB 4574 C
SUB 4576 T
SUB 4578 C
SUB 4580 C
INS 4582 T
SUB 4582 T
INS 4586 G
INS 4586 G
INS 4587 C
INS 4587 C
INS 4587 C
INS 4589 A
INS 4589 C
SUB 4589 A
INS 4593 A
INS 4593 A
INS 4593 G
INS 4593 A
INS 4595 A
SUB 4595 G
INS 4597 T
INS 4597 G
INS 4598 G
SUB 4600 G
INS 4602 C
INS 4602 G
INS 4604 T
SUB 4605 C
INS 4607 A
INS 4608 C
INS 4608 A
INS 4608 G
INS 4611 T
INS 4611 A
INS 4612 C
INS 4612 C
INS 4615 C
INS 4615 G
SUB 4617 A
SUB 4619 A
SUB 4621 A
SUB 4623 T
SUB 4626 A
INS 4628 A
INS 4628 A
INS 4629 A
INS 4630 T
INS 4630 T
SUB 4633 C
SUB 4635 T
SUB 4636 C
SUB 4640 G
SUB 4643 T
INS 4646 A
INS 4647 A
SUB 4647 C
SUB 4648 A
INS 4650 A
SUB 4650 A
DEL 4654
SUB 4659 C
INS 4662 C
INS 4662 C
INS 4662 C
INS 4662 C
INS 4663 G
SUB 4664 C
SUB 4665 C
SUB 4667 A
SUB 4668 C
SUB 4670 C
SUB 4672 A
SUB 4676 G
INS 4679 C
INS 4679 G
SUB 4679 T
SUB 4682 A
SUB 4683 C
INS 4687 C
INS 4688 G
INS 4690 G
INS 4690 A
INS 4690 G
INS 4690 A
INS 4691 A
SUB 4691 A
INS 4695 T
INS 4696 G
INS 4696 C
INS 4700 T
SUB 4700 T
SUB 4701 A
INS 4703 T
INS 4705 T
INS 4709 G
SUB 4711 A
SUB 4712 A
SUB 4714 T
SUB 4718 T
INS 4720 C
SUB 4721 C
INS 4724 G
SUB 4726 C
INS 4729 G
SUB 4731 G
SUB 4733 C
SUB 4734 A
SUB 4737 G
INS 4740 T
INS 4741 T
INS 4741 C
INS 4742 C
INS 4743 C
INS 4743 A
INS 4743 T
SUB 4746 T
SUB 4747 T
INS 4749 C
SUB 4750 G
INS 4753 T
SUB 4753 G
SUB 4754 G
INS 4757 C
INS 4760 T
INS 4760 T
SUB 4761 C
SUB 4763 G
INS 4767 G
INS 4767 G
SUB 4768 T
INS 4770 T
INS 4771 A
INS 4771 G
SUB 4773 A
DEL 4775
INS 4778 A
SUB 4779 C
SUB 4780 A
INS 4783 G
INS 4783 A
INS 4785 C
INS 4785 A
SUB 4786 G
INS 4789 A
SUB 4789 T
SUB 4790 T
SUB 4791 T
SUB 4792 T
SUB 4793 A
SUB 4796 C
INS 4799 G
INS 4801 G
INS 4802 T
SUB 4802 A
SUB 4803 T
DEL 4807
SUB 4808 T
SUB 4812 G
SUB 4813 T
SUB 4814 T
SUB 4816 C
INS 4819 G
INS 4819 A
INS 4819 G
INS 4822 C
SUB 4823 C
SUB 4824 A
SUB 4826 C
INS 4828 G
SUB 4828 G
SUB 4833 T
INS 4835 G
INS 4838 T
INS 4838 T
INS 4838 A
INS 4838 G
SUB 4839 A
SUB 4840 A
SUB 4842 C
INS 4844 A
SUB 4844 A
SUB 4846 A
SUB 4847 C
SUB 4848 G
SUB 4850 T
SUB 4851 G
SUB 4854 G
SUB 4855 G
SUB 4857 G
SUB 4858 C
INS 4861 A
SUB 4862 C
INS 4864 G
SUB 4865 C
INS 4867 G
INS 4870 C
INS 4870 C
INS 4870 G
INS 4870 A
INS 4872 T
INS 4872 G
INS 4872 C
INS 4873 A
SUB 4875 A
INS 4877 G
INS 4883 T
INS 4884 T
SUB 4884 T
INS 4886 T
INS 4886 T
INS 4886 G
INS 4887 T
INS 4888 G
SUB 4888 G
SUB 4889 C
INS 4891 C
SUB 4891 C
SUB 4893 T
SUB 4895 G
INS 4898 A
INS 4898 A
SUB 4899 C
INS 4901 G
INS 4901 T
SUB 4902 T
INS 4904 G
INS 4905 C
INS 4906 G
INS 4906 T
INS 4908 C
SUB 4909 T
INS 4911 T
SUB 4917 A
DEL 4920
SUB 4922 A
INS 4924 T
SUB 4924 T
INS 4928 T
SUB 4928 A
SUB 4931 G
INS 4934 C
SUB 4934 G
INS 4937 T
INS 4937 A
INS 4941 T
INS 4942 T
INS 4942 T
INS 4942 T
SUB 4943 C
SUB 4944 C
INS 4946 C
INS 4946 C
SUB 4947 G
INS 4950 G
INS 4950 A
SUB 4951 T
INS 4953 T
INS 4953 G
INS 4955 C
INS 4956 C
INS 4956 A
INS 4957 T
SUB 4959 G
INS 4961 T
INS 4962 A
INS 4962 A
INS 4962 C
INS 4966 A
INS 4966 T
SUB 4967 C
SUB 4968 G
SUB 4969 C
INS 4971 T
INS 4973 A
SUB 4974 C
SUB 4977 C
SUB 4978 T
INS 4981 A
SUB 4981 C
INS 4983 A
SUB 4983 C
INS 4985 G
INS 4985 C
INS 4989 A
INS 4989 C
INS 4989 G
SUB 4990 G
SUB 4993 G
INS 4996 G
SUB 4998 A
SUB 4999 A
SUB 5000 C
SUB 5001 A
INS 5004 G
SUB 5004 C
SUB 5006 A
SUB 5008 C
SUB 5009 C
SUB 5011 G
SUB 5012 C
SUB 5013 T
SUB 5016 A
DEL 5019
SUB 5020 C
SUB 5024 C
SUB 5025 T
SUB 5026 C
INS 5028 A
SUB 5028 C
SUB 5029 C
SUB 5032 A
SUB 5035 C
INS 5039 T
SUB 5040 C
SUB 5042 A
SUB 5043 C
SUB 5045 G
SUB 5047 C
INS 5051 C
INS 5051 A
SUB 5054 T
INS 5056 A
INS 5057 T
SUB 5058 T
SUB 5060 A
SUB 5062 G
SUB 5064 T
SUB 5065 T
SUB 5066 C
SUB 5068 C
INS 5070 T
SUB 5070 G
INS 5073 T
SUB 5074 T
DEL 5077
SUB 5080 A
SUB 5081 T
SUB 5082 C
SUB 5084 A
INS 5089 C
INS 5091 A
SUB 5091 T
INS 5094 T
INS 5096 T
INS 5096 A
INS 5096 T
INS 5096 T
INS 5096 A
SUB 5096 T
INS 5099 A
SUB 5099 A
SUB 5101 G
INS 5104 A
INS 5105 T
SUB 5105 C
SUB 5108 T
SUB 5110 G
SUB 5112 A
SUB 5115 T
SUB 5117 C
INS 5119 T
SUB 5120 A
SUB 5125 T
SUB 5126 A
INS 5129 A
SUB 5129 A
SUB 5130 G
INS 5134 C
SUB 5137 G
SUB 5138 A
SUB 5139 A
INS 5141 G
SUB 5141 G
SUB 5142 G
SUB 5143 G
INS 5148 T
INS 5148 G
INS 5150 G
SUB 5151 C
SUB 5153 T
SUB 5154 T
SUB 5156 T
SUB 5158 G
SUB 5159 C
SUB 5162 C
INS 5168 T
INS 5168 A
INS 5168 G
INS 5169 A
INS 5169 G
INS 5170 A
SUB 5170 C
SUB 5172 T
SUB 5174 T
INS 5178 C
SUB 5178 A
INS 5181 T
SUB 5181 G
INS 5184 G
INS 5184 A
SUB 5184 T
INS 5187 A
INS 5188 T
SUB 5189 C
INS 5193 C
INS 5193 A
INS 5193 C
INS 5194 A
INS 5195 A
INS 5196 C
INS 5196 C
SUB 5196 T
SUB 5200 C
SUB 5201 A
INS 5203 C
SUB 5204 C
SUB 5205 C
INS 5208 C
INS 5208 C
INS 5209 A
SUB 5210 A
SUB 5213 A
INS 5215 A
SUB 5217 C
DEL 5219
SUB 5220 C
SUB 5222 G
SUB 5225 T
SUB 5226 G
INS 5228 C
SUB 5228 G
SUB 5229 C
INS 5233 G
INS 5237 A
INS 5237 A
INS 5238 A
INS 5238 T
INS 5238 A
INS 5238 A
SUB 5240 A
SUB 5241 T
SUB 5242 A
SUB 5244 A
INS 5249 C
INS 5249 T
INS 5249 C
INS 5249 A
INS 5249 T
INS 5249 T
INS 5249 A
INS 5249 T
SUB 5252 C
INS 5255 G
INS 5259 C
INS 5259 C
INS 5259 C
INS 5259 C
INS 5259 A
SUB 5261 T
SUB 5263 G
SUB 5266 G
INS 5269 T
DEL 5272
SUB 5276 T
SUB 5278 T
INS 5280 C
INS 5282 G
SUB 5282 G
SUB 5285 A
INS 5287 A
INS 5287 A
INS 5288 A
SUB 5288 T
SUB 5289 T
SUB 5290 A
INS 5292 T
SUB 5293 G
SUB 5296 A
INS 5298 T
SUB 5299 C
INS 5302 C
INS 5302 T
INS 5304 A
INS 5305 T
SUB 5309 C
INS 5311 C
INS 5311 C
SUB 5311 C
INS 5314 C
SUB 5314 C
SUB 5315 C
SUB 5317 G
SUB 5319 C
SUB 5320 C
SUB 5321 C
INS 5323 T
DEL 5325
DEL 5328
SUB 5330 C
SUB 5332 C
DEL 5335
DEL 5336
SUB 5338 T
SUB 5341 T
SUB 5343 C
SUB 5344 G
INS 5346 T
INS 5350 T
SUB 5350 T
INS 5354 T
SUB 5354 T
SUB 5355 C
SUB 5356 T
SUB 5358 T
DEL 5363
SUB 5366 A
SUB 5367 G
SUB 5368 A
SUB 5369 G
SUB 5372 A
SUB 5373 T
INS 5375 T
SUB 5376 A
INS 5378 C
SUB 5378 A
SUB 5380 C
SUB 5382 C
SUB 5387 A
SUB 5388 C
SUB 5389 A
SUB 5390 T
INS 5392 C
SUB 5392 C
SUB 5393 C
SUB 5395 T
SUB 5397 A
SUB 5398 A
SUB 5399 T
SUB 5400 C
SUB 5404 A
SUB 5405 T
SUB 5406 G
SUB 5411 T
INS 5413 T
SUB 5413 C
SUB 5414 T
INS 5416 C
INS 5416 C
SUB 5417 C
INS 5419 C
INS 5420 T
INS 5423 T
SUB 5425 G
SUB 5427 G
SUB 5428 G
SUB 5430 G
INS 5432 T
INS 5432 A
INS 5433 T
INS 5435 A
SUB 5436 C
SUB 5437 G
SUB 5440 G
INS 5443 G
INS 5443 G
INS 5443 G
INS 5444 T
SUB 5444 A
SUB 5446 T
SUB 5448 G
SUB 5449 T
INS 5454 T
INS 5456 T
SUB 5456 A
SUB 5461 C
SUB 5464 C
INS 5466 C
INS 5469 G
INS 5470 G
INS 5471 A
INS 5471 T
INS 5472 A
INS 5474 G
INS 5475 G
SUB 5477 A
INS 5480 C
SUB 5480 C
SUB 5481 T
INS 5485 A
SUB 5487 A
SUB 5488 G
SUB 5490 A
SUB 5494 C
SUB 5495 G
SUB 5497 G
SUB 5499 G
DEL 5502
DEL 5504
DEL 5505
SUB 5506 C
SUB 5510 C
SUB 5512 G
SUB 5513 A
SUB 5515 T
SUB 5517 T
INS 5519 T
SUB 5519 C
INS 5524 C
INS 5528 A
INS 5529 G
INS 5530 G
INS 5531 C
INS 5531 A
INS 5531 A
INS 5531 C
INS 5531 C
INS 5534 A
INS 5535 T
INS 5536 C
SUB 5536 C
DEL 5539
SUB 5540 A
SUB 5541 A
INS 5546 T
INS 5547 T
DEL 5550
DEL 5552
DEL 5554
SUB 5557 T
SUB 5559 A
SUB 5561 T
SUB 5563 A
SUB 5566 T
SUB 5568 T
SUB 5571 T
INS 5574 A
INS 5576 C
INS 5577 T
INS 5577 C
SUB 5579 T
SUB 5581 G
SUB 5582 G
INS 5584 G
INS 5585 C
INS 5585 C
SUB 5585 C
SUB 5587 A
SUB 5588 C
SUB 5589 C
INS 5593 G
SUB 5593 C
INS 5595 C
SUB 5595 C
SUB 5597 C
SUB 5598 G
SUB 5599 G
SUB 5604 C
SUB 5605 G
INS 5607 C
SUB 5608 C
INS 5610 T
INS 5610 T
SUB 5610 T
SUB 5611 T
SUB 5613 T
SUB 5615 A
SUB 5619 G
SUB 5620 C
SUB 5622 A
INS 5624 T
INS 5626 C
INS 5628 G
INS 5631 G
INS 5632 C
SUB 5632 G
SUB 5634 G
DEL 5636
INS 5642 A
INS 5642 T
INS 5642 A
INS 5642 A
INS 5643 C
INS 5643 C
INS 5645 C
INS 5645 C
SUB 5645 C
SUB 5647 G
SUB 5649 A
INS 5651 A
SUB 5651 A
INS 5653 C
SUB 5654 G
SUB 5656 G
SUB 5658 T
INS 5662 A
INS 5664 A
INS 5667 T
INS 5668 T
INS 5668 G
SUB 5670 T
SUB 5672 C
SUB 5674 G
INS 5676 G
INS 5677 G
INS 5677 C
INS 5679 T
INS 5680 G
INS 5680 G
SUB 5681 T
SUB 5682 G
DEL 5684
INS 5690 T
INS 5691 G
INS 5691 T
INS 5691 G
SUB 5691 T
INS 5693 G
INS 5694 G
INS 5694 A
INS 5694 A
SUB 5695 C
INS 5698 T
INS 5699 C
INS 5700 G
INS 5700 T
INS 5700 G
INS 5701 T
INS 5701 T
INS 5701 C
INS 5702 A
SUB 5703 C
SUB 5707 A
INS 5709 G
INS 5709 C
INS 5709 G
INS 5711 C
SUB 5711 T
INS 5715 C
SUB 5718 T
SUB 5720 G
SUB 5721 G
SUB 5722 T
INS 5728 A
INS 5728 G
INS 5728 G
INS 5728 T
SUB 5728 G
SUB 5730 C
INS 5733 A
INS 5735 G
INS 5736 A
INS 5737 G
INS 5738 C
INS 5739 T
INS 5739 C
INS 5742 C
INS 5742 A
INS 5742 A
INS 5742 G
SUB 5742 A
INS 5744 A
INS 5744 C
INS 5745 A
INS 5748 A
INS 5748 A
INS 5752 G
INS 5752 A
SUB 5752 C
SUB 5753 C
INS 5755 G
SUB 5757 T
SUB 5758 T
INS 5761 G
INS 5761 C
SUB 5762 T
SUB 5764 A
SUB 5766 G
SUB 5769 A
INS 5773 G
SUB 5773 C
SUB 5774 G
SUB 5776 T
SUB 5777 T
SUB 5778 T
INS 5780 G
SUB 5783 A
SUB 5784 T
SUB 5785 T
SUB 5791 C
SUB 5795 C
INS 5799 A
SUB 5801 C
SUB 5802 G
SUB 5803 C
INS 5806 T
INS 5807 T
SUB 5807 C
SUB 5808 T
SUB 5809 T
SUB 5811 T
INS 5813 A
SUB 5814 G
SUB 5815 T
INS 5818 T
INS 5819 A
DEL 5821
DEL 5822
SUB 5827 G
SUB 5828 G
SUB 5829 C
INS 5833 C
INS 5833 G
INS 5833 C
SUB 5834 A
SUB 5835 C
INS 5839 T
INS 5840 A
SUB 5841 T
INS 5845 G
SUB 5845 G
SUB 5846 G
INS 5849 G
INS 5851 A
INS 5852 T
INS 5852 T
INS 5852 T
INS 5852 G
INS 5852 T
SUB 5852 T
SUB 5855 A
SUB 5857 A
SUB 5860 G
SUB 5861 G
INS 5863 C
INS 5863 T
INS 5865 C
INS 5865 C
INS 5865 C
INS 5867 C
INS 5867 G
SUB 5868 G
SUB 5869 T
SUB 5873 A
SUB 5875 T
SUB 5877 T
SUB 5878 A
DEL 5884
SUB 5885 A
SUB 5886 A
SUB 5888 A
SUB 5891 T
SUB 5892 C
INS 5894 C
INS 5895 G
INS 5897 A
INS 5898 G
INS 5899 A
SUB 5900 A
INS 5903 C
INS 5905 G
INS 5905 A
SUB 5908 G
SUB 5912 T
SUB 5913 T
INS 5915 G
SUB 5916 G
SUB 5917 C
SUB 5918 G
SUB 5921 T
INS 5925 C
INS 5926 A
SUB 5927 G
SUB 5928 G
DEL 5930
SUB 5933 A
SUB 5935 A
SUB 5937 G
SUB 5938 C
SUB 5940 C
SUB 5941 G
SUB 5945 T
SUB 5946 T
SUB 5947 C
INS 5951 G
INS 5952 A
INS 5954 C
INS 5954 A
INS 5954 T
INS 5955 C
SUB 5956 A
SUB 5957 C
SUB 5959 T
SUB 5960 T
INS 5963 A
INS 5964 C
INS 5965 A
INS 5967 C
SUB 5968 T
SUB 5971 G
SUB 5972 T
SUB 5977 A
SUB 5978 A
INS 5982 C
SUB 5983 G
INS 5985 G
INS 5986 A
SUB 5988 C
SUB 5989 C
SUB 5991 A
INS 5993 T
SUB 5993 T
SUB 5994 C
SUB 5999 G
SUB 6000 A
SUB 6001 T
DEL 6008
SUB 6009 C
INS 6012 A
INS 6015 T
INS 6015 T
INS 6015 T
INS 6015 T
INS 6015 G
SUB 6017 A
INS 6021 G
INS 6022 G
SUB 6023 G
SUB 6024 G
INS 6026 G
INS 6027 T
SUB 6027 T
INS 6030 A
SUB 6031 C
SUB 6032 T
SUB 6037 T
SUB 6040 A
SUB 6041 T
SUB 6043 G
INS 6045 T
INS 6046 T
INS 6047 T
INS 6047 T
INS 6047 A
INS 6047 T
SUB 6047 A
INS 6051 T
INS 6051 T
SUB 6051 A
INS 6056 A
INS 6056 A
INS 6056 T
INS 6056 A
INS 6057 T
INS 6059 T
INS 6059 T
SUB 6063 A
INS 6065 A
INS 6066 A
INS 6067 A
INS 6067 T
INS 6067 T
INS 6068 G
INS 6070 C
INS 6071 A
INS 6071 A
INS 6071 A
INS 6071 A
SUB 6071 A
INS 6074 G
INS 6075 G
INS 6075 T
SUB 6076 C
INS 6079 C
INS 6079 C
INS 6079 C
INS 6079 C
SUB 6080 G
INS 6083 A
INS 6083 A
INS 6084 A
SUB 6084 A
SUB 6086 T
INS 6090 G
INS 6090 G
INS 6092 T
INS 6092 T
INS 6092 A
INS 6093 C
INS 6095 C
INS 6096 C
INS 6096 C
INS 6098 A
INS 6098 T
INS 6099 C
INS 6099 A
INS 6099 T
INS 6100 A
INS 6100 A
SUB 6100 G
